<?xml version="1.0" encoding="UTF-8"?>
<!-- Generated by org.testng.reporters.JUnitXMLReporter -->
<testsuite ignored="0" hostname="DGL061-DM-DINESH" failures="0" tests="4" name="Test" time="0.172" errors="0" timestamp="2024-01-21T01:55:45 IST">
  <testcase classname="scripts.TestCase1" name="tc1" time="0.021"/>
  <testcase classname="scripts.TestCase4" name="tc4" time="0.009"/>
  <testcase classname="scripts.TestCase2" name="tc2" time="0.002"/>
  <testcase classname="scripts.TestCase3" name="tc3" time="0.002"/>
</testsuite> <!-- Test -->
