<?xml version="1.0" encoding="UTF-8"?>
<testng-results ignored="0" total="4" passed="4" failed="0" skipped="0">
  <reporter-output>
    <line>
      <![CDATA[Hello World]]>
    </line>
    <line>
      <![CDATA[Hello India]]>
    </line>
    <line>
      <![CDATA[Hello Selenium]]>
    </line>
    <line>
      <![CDATA[Hello Java]]>
    </line>
  </reporter-output>
  <suite started-at="2024-01-21T01:55:45 IST" name="Suite" finished-at="2024-01-21T01:55:45 IST" duration-ms="172">
    <groups>
    </groups>
    <test started-at="2024-01-21T01:55:45 IST" name="Test" finished-at="2024-01-21T01:55:45 IST" duration-ms="172">
      <class name="scripts.TestCase4">
        <test-method signature="tc4()[pri:0, instance:scripts.TestCase4@57cf54e1]" started-at="2024-01-21T01:55:45 IST" name="tc4" finished-at="2024-01-21T01:55:45 IST" duration-ms="9" status="PASS">
          <reporter-output>
            <line>
              <![CDATA[Hello India]]>
            </line>
          </reporter-output>
        </test-method> <!-- tc4 -->
      </class> <!-- scripts.TestCase4 -->
      <class name="scripts.TestCase1">
        <test-method signature="tc1()[pri:0, instance:scripts.TestCase1@58d75e99]" started-at="2024-01-21T01:55:45 IST" name="tc1" finished-at="2024-01-21T01:55:45 IST" duration-ms="21" status="PASS">
          <reporter-output>
            <line>
              <![CDATA[Hello World]]>
            </line>
          </reporter-output>
        </test-method> <!-- tc1 -->
      </class> <!-- scripts.TestCase1 -->
      <class name="scripts.TestCase2">
        <test-method signature="tc2()[pri:0, instance:scripts.TestCase2@5b03b9fe]" started-at="2024-01-21T01:55:45 IST" name="tc2" finished-at="2024-01-21T01:55:45 IST" duration-ms="2" status="PASS">
          <reporter-output>
            <line>
              <![CDATA[Hello Selenium]]>
            </line>
          </reporter-output>
        </test-method> <!-- tc2 -->
      </class> <!-- scripts.TestCase2 -->
      <class name="scripts.TestCase3">
        <test-method signature="tc3()[pri:0, instance:scripts.TestCase3@37d4349f]" started-at="2024-01-21T01:55:45 IST" name="tc3" finished-at="2024-01-21T01:55:45 IST" duration-ms="2" status="PASS">
          <reporter-output>
            <line>
              <![CDATA[Hello Java]]>
            </line>
          </reporter-output>
        </test-method> <!-- tc3 -->
      </class> <!-- scripts.TestCase3 -->
    </test> <!-- Test -->
  </suite> <!-- Suite -->
</testng-results>
